<?xml version="1.0" encoding="UTF-8"?>
<!-- Generated by org.testng.reporters.JUnitXMLReporter -->
<testsuite ignored="0" hostname="LAPTOP-B9130SR2" failures="1" tests="2" name="NOPcommerce" time="57.542" errors="0" timestamp="2024-01-02T13:05:09 IST">
  <testcase classname="testCases.TC_001_AccountRegistrationTest" name="testAccountRegistration" time="7.516"/>
  <testcase classname="testCases.TC_002_LoginTest" name="test_Login" time="12.296">
    <failure type="java.lang.AssertionError" message="login failed expected [true] but found [false]">
      <![CDATA[java.lang.AssertionError: login failed expected [true] but found [false]
at testCases.TC_002_LoginTest.test_Login(TC_002_LoginTest.java:38)
at java.base/java.util.ArrayList.forEach(ArrayList.java:1511)
... Removed 34 stack frames]]>
    </failure>
  </testcase> <!-- test_Login -->
</testsuite> <!-- NOPcommerce -->
