<?xml version="1.0" encoding="UTF-8"?>
<!-- Generated by org.testng.reporters.JUnitXMLReporter -->
<testsuite ignored="0" hostname="LAPTOP-B9130SR2" failures="0" tests="1" name="Test" time="0.06" errors="0" timestamp="2023-12-29T10:00:34 IST">
  <testcase classname="Testbase.BaseClass" name="@BeforeClass setup" time="0.013">
    <failure type="java.util.MissingResourceException" message="Can&amp;apos;t find bundle for base name config, locale en_IN">
      <![CDATA[java.util.MissingResourceException: Can't find bundle for base name config, locale en_IN
at java.base/java.util.ResourceBundle.throwMissingResourceException(ResourceBundle.java:2045)
at java.base/java.util.ResourceBundle.getBundleImpl(ResourceBundle.java:1683)
at java.base/java.util.ResourceBundle.getBundleImpl(ResourceBundle.java:1586)
at java.base/java.util.ResourceBundle.getBundleImpl(ResourceBundle.java:1549)
at java.base/java.util.ResourceBundle.getBundle(ResourceBundle.java:858)
at Testbase.BaseClass.setup(BaseClass.java:24)
at java.base/java.util.ArrayList.forEach(ArrayList.java:1511)
... Removed 23 stack frames]]>
    </failure>
  </testcase> <!-- @BeforeClass setup -->
  <testcase classname="Testbase.BaseClass" name="@AfterClass tearDown" time="-1.703824234909E9">
    <skipped/>
  </testcase> <!-- @AfterClass tearDown -->
  <testcase classname="testCases.TC_001_AccountRegistrationTest" name="testAccountRegistration" time="0.0">
    <skipped/>
  </testcase> <!-- testAccountRegistration -->
</testsuite> <!-- Test -->
