<?xml version="1.0" encoding="UTF-8"?>
<!-- Generated by org.testng.reporters.JUnitXMLReporter -->
<testsuite ignored="0" hostname="LAPTOP-B9130SR2" failures="0" tests="1" name="TestWithEdge" time="0.047" errors="0" timestamp="2023-12-29T09:38:38 IST">
  <testcase classname="Testbase.BaseClass" name="@BeforeClass setup" time="0.02">
    <failure type="java.lang.NullPointerException" message="Cannot invoke &amp;quot;org.openqa.selenium.WebDriver.manage()&amp;quot; because &amp;quot;this.driver&amp;quot; is null">
      <![CDATA[java.lang.NullPointerException: Cannot invoke "org.openqa.selenium.WebDriver.manage()" because "this.driver" is null
at Testbase.BaseClass.setup(BaseClass.java:31)
at java.base/java.util.ArrayList.forEach(ArrayList.java:1511)
... Removed 23 stack frames]]>
    </failure>
  </testcase> <!-- @BeforeClass setup -->
  <testcase classname="Testbase.BaseClass" name="@AfterClass tearDown" time="-1.703822918399E9">
    <skipped/>
  </testcase> <!-- @AfterClass tearDown -->
  <testcase classname="testCases.TC_001_AccountRegistrationTest" name="testAccountRegistration" time="0.0">
    <skipped/>
  </testcase> <!-- testAccountRegistration -->
</testsuite> <!-- TestWithEdge -->
